{"level":"error","message":"❌ MongoDB Connection Error: Can't call `openUri()` on an active connection with different connection strings. Make sure you aren't calling `mongoose.connect()` multiple times. See: https://mongoosejs.com/docs/connections.html#multiple_connections","stack":"MongooseError: Can't call `openUri()` on an active connection with different connection strings. Make sure you aren't calling `mongoose.connect()` multiple times. See: https://mongoosejs.com/docs/connections.html#multiple_connections\n    at NativeConnection.createClient (/Users/ariellevin/projects/Maintainer/backend/node_modules/mongoose/lib/drivers/node-mongodb-native/connection.js:239:13)\n    at NativeConnection.openUri (/Users/ariellevin/projects/Maintainer/backend/node_modules/mongoose/lib/connection.js:1016:34)\n    at Mongoose.connect (/Users/ariellevin/projects/Maintainer/backend/node_modules/mongoose/lib/mongoose.js:446:15)\n    at /Users/ariellevin/projects/Maintainer/backend/src/config/db.ts:27:38\n    at Generator.next (<anonymous>)\n    at fulfilled (/Users/ariellevin/projects/Maintainer/backend/src/config/db.ts:5:58)\n    at processTicksAndRejections (node:internal/process/task_queues:105:5)","timestamp":"2025-02-28T11:31:04.056Z"}
{"level":"error","message":"❌ Error: Invalid Task ID","timestamp":"2025-02-28T13:24:04.175Z"}
{"level":"error","message":"❌ Error: Invalid Task ID","timestamp":"2025-02-28T13:24:50.266Z"}
{"level":"error","message":"❌ Error: Invalid Task ID","timestamp":"2025-02-28T13:25:40.852Z"}
{"level":"error","message":"❌ Error: Invalid Task ID","timestamp":"2025-02-28T13:26:30.490Z"}
{"level":"error","message":"❌ Error: Invalid Task ID","timestamp":"2025-02-28T13:28:18.064Z"}
{"level":"error","message":"❌ Error: Invalid Task ID","timestamp":"2025-02-28T13:39:21.744Z"}
{"level":"error","message":"❌ Error: Invalid Task ID","timestamp":"2025-02-28T13:42:21.030Z"}
{"level":"error","message":"❌ Error: Invalid Task ID","timestamp":"2025-02-28T14:06:06.689Z"}
{"level":"error","message":"❌ Error: Invalid Task ID","timestamp":"2025-02-28T14:11:16.853Z"}
{"level":"error","message":"❌ Error: Invalid Task ID","timestamp":"2025-02-28T14:13:07.664Z"}
{"level":"error","message":"❌ Error: Invalid Task ID","timestamp":"2025-02-28T14:14:32.543Z"}
{"level":"error","message":"❌ Error: Invalid Task ID","timestamp":"2025-02-28T14:16:02.005Z"}
{"level":"error","message":"❌ Error: Invalid Task ID","timestamp":"2025-02-28T14:16:34.764Z"}
{"level":"error","message":"❌ Error: Invalid Task ID","timestamp":"2025-02-28T14:40:39.806Z"}
{"level":"error","message":"❌ Error: Invalid Task ID","timestamp":"2025-02-28T14:41:06.626Z"}
{"level":"error","message":"❌ Error: Invalid or expired token","timestamp":"2025-02-28T18:11:35.723Z"}
{"level":"error","message":"❌ Error: Invalid or expired token","timestamp":"2025-02-28T18:11:35.729Z"}
{"level":"error","message":"❌ Error: Invalid or expired token","timestamp":"2025-02-28T18:11:35.732Z"}
{"level":"error","message":"❌ Error: Invalid or expired token","timestamp":"2025-02-28T18:11:35.736Z"}
{"level":"error","message":"❌ Error: Invalid or expired token","timestamp":"2025-02-28T18:11:35.741Z"}
{"level":"error","message":"❌ Error: Invalid or expired token","timestamp":"2025-02-28T18:11:35.744Z"}
{"level":"error","message":"❌ Error: Invalid or expired token","timestamp":"2025-02-28T18:27:49.266Z"}
{"level":"error","message":"❌ Error: Invalid or expired token","timestamp":"2025-02-28T18:27:49.272Z"}
{"level":"error","message":"❌ Error: Invalid or expired token","timestamp":"2025-02-28T18:27:49.275Z"}
{"level":"error","message":"❌ Error: Invalid or expired token","timestamp":"2025-02-28T18:27:49.278Z"}
{"level":"error","message":"❌ Error: Invalid or expired token","timestamp":"2025-02-28T18:27:49.280Z"}
{"level":"error","message":"❌ Error: Invalid or expired token","timestamp":"2025-02-28T18:27:49.288Z"}
{"level":"error","message":"❌ Error: Invalid or expired token","timestamp":"2025-02-28T18:32:04.397Z"}
{"level":"error","message":"❌ Error: Invalid or expired token","timestamp":"2025-02-28T18:32:04.405Z"}
{"level":"error","message":"❌ Error: Invalid or expired token","timestamp":"2025-02-28T18:32:04.411Z"}
{"level":"error","message":"❌ Error: Invalid or expired token","timestamp":"2025-02-28T18:32:04.415Z"}
{"level":"error","message":"❌ Error: Invalid or expired token","timestamp":"2025-02-28T18:32:04.418Z"}
{"level":"error","message":"❌ Error: Invalid or expired token","timestamp":"2025-02-28T18:32:04.421Z"}
{"level":"error","message":"❌ Error: Invalid or expired token","timestamp":"2025-02-28T18:33:32.347Z"}
{"level":"error","message":"❌ Error: Invalid or expired token","timestamp":"2025-02-28T18:33:32.356Z"}
{"level":"error","message":"❌ Error: Invalid or expired token","timestamp":"2025-02-28T18:33:32.360Z"}
{"level":"error","message":"❌ Error: Invalid or expired token","timestamp":"2025-02-28T18:33:32.372Z"}
{"level":"error","message":"❌ Error: Invalid or expired token","timestamp":"2025-02-28T18:33:32.375Z"}
{"level":"error","message":"❌ Error: Invalid or expired token","timestamp":"2025-02-28T18:33:32.378Z"}
{"level":"error","message":"❌ Error: Invalid or expired token","timestamp":"2025-02-28T18:34:43.281Z"}
{"level":"error","message":"❌ Error: Invalid or expired token","timestamp":"2025-02-28T18:34:43.287Z"}
{"level":"error","message":"❌ Error: Invalid or expired token","timestamp":"2025-02-28T18:34:43.291Z"}
{"level":"error","message":"❌ Error: Invalid or expired token","timestamp":"2025-02-28T18:34:43.295Z"}
{"level":"error","message":"❌ Error: Invalid or expired token","timestamp":"2025-02-28T18:34:43.307Z"}
{"level":"error","message":"❌ Error: Invalid or expired token","timestamp":"2025-02-28T18:34:43.310Z"}
{"level":"error","message":"❌ Error: Invalid or expired token","timestamp":"2025-02-28T18:37:31.466Z"}
{"level":"error","message":"❌ Error: Invalid or expired token","timestamp":"2025-02-28T18:37:31.476Z"}
{"level":"error","message":"❌ Error: Invalid or expired token","timestamp":"2025-02-28T18:37:31.480Z"}
{"level":"error","message":"❌ Error: Invalid or expired token","timestamp":"2025-02-28T18:37:31.483Z"}
{"level":"error","message":"❌ Error: Invalid or expired token","timestamp":"2025-02-28T18:37:31.486Z"}
{"level":"error","message":"❌ Error: Invalid or expired token","timestamp":"2025-02-28T18:37:31.492Z"}
{"level":"error","message":"❌ Error: Invalid or expired token","timestamp":"2025-02-28T18:40:17.439Z"}
{"level":"error","message":"❌ Error: Invalid or expired token","timestamp":"2025-02-28T18:40:17.445Z"}
{"level":"error","message":"❌ Error: Invalid or expired token","timestamp":"2025-02-28T18:40:17.457Z"}
{"level":"error","message":"❌ Error: Invalid or expired token","timestamp":"2025-02-28T18:40:17.461Z"}
{"level":"error","message":"❌ Error: Invalid or expired token","timestamp":"2025-02-28T18:40:17.464Z"}
{"level":"error","message":"❌ Error: Invalid or expired token","timestamp":"2025-02-28T18:40:17.467Z"}
{"level":"error","message":"❌ Error: Invalid or expired token","timestamp":"2025-02-28T18:41:09.699Z"}
{"level":"error","message":"❌ Error: Invalid or expired token","timestamp":"2025-02-28T18:41:09.704Z"}
{"level":"error","message":"❌ Error: Invalid or expired token","timestamp":"2025-02-28T18:41:09.707Z"}
{"level":"error","message":"❌ Error: Invalid or expired token","timestamp":"2025-02-28T18:41:09.710Z"}
{"level":"error","message":"❌ Error: Invalid or expired token","timestamp":"2025-02-28T18:41:09.713Z"}
{"level":"error","message":"❌ Error: Invalid or expired token","timestamp":"2025-02-28T18:41:09.716Z"}
{"level":"error","message":"❌ Error: Invalid or expired token","timestamp":"2025-02-28T19:08:41.848Z"}
{"level":"error","message":"❌ Error: Invalid or expired token","timestamp":"2025-02-28T19:08:41.860Z"}
{"level":"error","message":"❌ Error: Invalid or expired token","timestamp":"2025-02-28T19:08:41.863Z"}
{"level":"error","message":"❌ Error: Invalid or expired token","timestamp":"2025-02-28T19:08:41.868Z"}
{"level":"error","message":"❌ Error: Invalid or expired token","timestamp":"2025-02-28T19:08:41.871Z"}
{"level":"error","message":"❌ Error: Invalid or expired token","timestamp":"2025-02-28T19:08:41.877Z"}
{"level":"error","message":"❌ Error: tags.split is not a function","timestamp":"2025-03-01T14:55:31.264Z"}
{"level":"error","message":"❌ Error: tags.split is not a function","timestamp":"2025-03-01T14:56:41.415Z"}
{"level":"error","message":"❌ Error: tags.split is not a function","timestamp":"2025-03-01T14:56:58.356Z"}
{"level":"error","message":"❌ Error: tags.split is not a function","timestamp":"2025-03-01T14:57:28.218Z"}
{"0":"SDFDS,DFDSF,DFDS","level":"error","message":"Error: tags is not a string","timestamp":"2025-03-01T15:00:09.365Z"}
{"0":"SDFDS,DFDSF,DFDS","level":"error","message":"Error: tags is not a string","timestamp":"2025-03-01T15:04:53.142Z"}
{"level":"error","message":"❌ Error: Cannot destructure property 'task_id' of 'filters.param' as it is undefined.","timestamp":"2025-03-01T23:45:36.288Z"}
{"level":"error","message":"❌ Error: Cannot destructure property 'task_id' of 'filters.param' as it is undefined.","timestamp":"2025-03-01T23:45:37.488Z"}
{"level":"error","message":"❌ Error: Cannot destructure property 'task_id' of 'filters.param' as it is undefined.","timestamp":"2025-03-01T23:45:39.681Z"}
{"level":"error","message":"❌ Error: Cannot destructure property 'task_id' of 'filters.param' as it is undefined.","timestamp":"2025-03-01T23:45:42.836Z"}
{"level":"error","message":"❌ Error: Cannot destructure property 'task_id' of 'filters.param' as it is undefined.","timestamp":"2025-03-01T23:45:43.998Z"}
{"level":"error","message":"❌ Error: Cannot destructure property 'task_id' of 'filters.param' as it is undefined.","timestamp":"2025-03-01T23:45:46.180Z"}
{"level":"error","message":"❌ Error: Cannot destructure property 'task_id' of 'filters.param' as it is undefined.","timestamp":"2025-03-01T23:45:50.370Z"}
{"level":"error","message":"❌ Error: Cannot destructure property 'task_id' of 'filters' as it is undefined.","timestamp":"2025-03-01T23:48:58.603Z"}
{"level":"error","message":"❌ Error: Cannot destructure property 'task_id' of 'filters' as it is undefined.","timestamp":"2025-03-01T23:48:59.803Z"}
{"level":"error","message":"❌ Error: Cannot destructure property 'task_id' of 'filters' as it is undefined.","timestamp":"2025-03-01T23:49:01.433Z"}
{"level":"error","message":"❌ Error: Cannot destructure property 'task_id' of 'filters' as it is undefined.","timestamp":"2025-03-01T23:49:01.434Z"}
{"level":"error","message":"❌ Error: Cannot destructure property 'task_id' of 'filters' as it is undefined.","timestamp":"2025-03-01T23:49:02.626Z"}
{"level":"error","message":"❌ Error: Cannot destructure property 'task_id' of 'filters' as it is undefined.","timestamp":"2025-03-01T23:49:04.827Z"}
{"level":"error","message":"❌ Error: Cannot destructure property 'task_id' of 'filters' as it is undefined.","timestamp":"2025-03-01T23:49:09.021Z"}
{"level":"error","message":"❌ Error: Cannot destructure property 'task_id' of 'filters' as it is undefined.","timestamp":"2025-03-01T23:49:39.818Z"}
{"level":"error","message":"❌ Error: Cannot destructure property 'task_id' of 'filters' as it is undefined.","timestamp":"2025-03-01T23:49:41.004Z"}
{"level":"error","message":"❌ Error: Cannot destructure property 'task_id' of 'filters' as it is undefined.","timestamp":"2025-03-01T23:49:43.183Z"}
{"level":"error","message":"❌ Error: Cannot destructure property 'task_id' of 'filters' as it is undefined.","timestamp":"2025-03-01T23:49:47.378Z"}
{"level":"error","message":"❌ Error: Missing required fields","timestamp":"2025-03-02T23:39:30.939Z"}
{"level":"error","message":"❌ Error: Missing required fields","timestamp":"2025-03-02T23:40:06.604Z"}
{"level":"error","message":"❌ Error: Unauthorized: No token provided","timestamp":"2025-03-03T00:56:58.928Z"}
